13:50:44 **** Build of configuration gcc-debug for project BCube ****
make MODE=debug CONFIGNAME=gcc-debug all 
HCRouter.cc
In file included from HCRouter.cc:12:0:
HCPacket_m.h:13:6: error: #error Version mismatch! Probably this file was generated by an earlier version of nedtool: 'make clean' should help.
 #    error Version mismatch! Probably this file was generated by an earlier version of nedtool: 'make clean' should help.
      ^~~~~
In file included from HCRouter.cc:11:0:
HCRouter.h:22:1: error: expected class-name before ‘{’ token
 {
 ^
HCRouter.h: In constructor ‘HCRouter::HCRouter()’:
HCRouter.h:24:18: error: class ‘HCRouter’ does not have any field named ‘cSimpleModule’
     HCRouter() : cSimpleModule(STACKSIZE) {}
                  ^~~~~~~~~~~~~
In file included from HCRouter.cc:12:0:
HCPacket_m.h: At global scope:
HCPacket_m.h:33:1: error: expected class-name before ‘{’ token
 {
 ^
HCPacket_m.h:52:29: error: ‘cCommBuffer’ has not been declared
     virtual void parsimPack(cCommBuffer *b);
                             ^~~~~~~~~~~
HCPacket_m.h:53:31: error: ‘cCommBuffer’ has not been declared
     virtual void parsimUnpack(cCommBuffer *b);
                               ^~~~~~~~~~~
HCPacket_m.h:64:23: error: variable or field ‘doPacking’ declared void
 inline void doPacking(cCommBuffer *b, HCPacket& obj) {obj.parsimPack(b);}
                       ^~~~~~~~~~~
HCPacket_m.h:64:23: error: ‘cCommBuffer’ was not declared in this scope
HCPacket_m.h:64:23: note: suggested alternative:
In file included from /home/ssamal/Downloads/omnetpp-5.0/include/omnetpp.h:25:0,
                 from HCRouter.h:14,
                 from HCRouter.cc:11:
/home/ssamal/Downloads/omnetpp-5.0/include/omnetpp/ccommbuffer.h:41:15: note:   ‘omnetpp::cCommBuffer’
 class SIM_API cCommBuffer : public cObject
               ^~~~~~~~~~~
In file included from HCRouter.cc:12:0:
HCPacket_m.h:64:36: error: ‘b’ was not declared in this scope
 inline void doPacking(cCommBuffer *b, HCPacket& obj) {obj.parsimPack(b);}
                                    ^
HCPacket_m.h:64:47: error: expected primary-expression before ‘&’ token
 inline void doPacking(cCommBuffer *b, HCPacket& obj) {obj.parsimPack(b);}
                                               ^
HCPacket_m.h:64:49: error: ‘obj’ was not declared in this scope
 inline void doPacking(cCommBuffer *b, HCPacket& obj) {obj.parsimPack(b);}
                                                 ^~~
HCPacket_m.h:65:25: error: variable or field ‘doUnpacking’ declared void
 inline void doUnpacking(cCommBuffer *b, HCPacket& obj) {obj.parsimUnpack(b);}
                         ^~~~~~~~~~~
HCPacket_m.h:65:25: error: ‘cCommBuffer’ was not declared in this scope
HCPacket_m.h:65:25: note: suggested alternative:
In file included from /home/ssamal/Downloads/omnetpp-5.0/include/omnetpp.h:25:0,
                 from HCRouter.h:14,
                 from HCRouter.cc:11:
/home/ssamal/Downloads/omnetpp-5.0/include/omnetpp/ccommbuffer.h:41:15: note:   ‘omnetpp::cCommBuffer’
 class SIM_API cCommBuffer : public cObject
               ^~~~~~~~~~~
In file included from HCRouter.cc:12:0:
HCPacket_m.h:65:38: error: ‘b’ was not declared in this scope
 inline void doUnpacking(cCommBuffer *b, HCPacket& obj) {obj.parsimUnpack(b);}
                                      ^
HCPacket_m.h:65:49: error: expected primary-expression before ‘&’ token
 inline void doUnpacking(cCommBuffer *b, HCPacket& obj) {obj.parsimUnpack(b);}
                                                 ^
HCPacket_m.h:65:51: error: ‘obj’ was not declared in this scope
 inline void doUnpacking(cCommBuffer *b, HCPacket& obj) {obj.parsimUnpack(b);}
                                                   ^~~
In file included from /home/ssamal/Downloads/omnetpp-5.0/include/omnetpp/cobject.h:26:0,
                 from /home/ssamal/Downloads/omnetpp-5.0/include/omnetpp/cnamedobject.h:23,
                 from /home/ssamal/Downloads/omnetpp-5.0/include/omnetpp/cownedobject.h:23,
                 from /home/ssamal/Downloads/omnetpp-5.0/include/omnetpp/carray.h:19,
                 from /home/ssamal/Downloads/omnetpp-5.0/include/omnetpp.h:21,
                 from HCRouter.h:14,
                 from HCRouter.cc:11:
HCRouter.cc: In function ‘omnetpp::cObject* __factoryfunc_16()’:
HCRouter.cc:16:16: error: cannot convert ‘HCRouter*’ to ‘omnetpp::cModule*’ in initialization
 Define_Module( HCRouter );
                ^
/home/ssamal/Downloads/omnetpp-5.0/include/omnetpp/regmacros.h:144:92: note: in definition of macro ‘__REGISTER_CLASS’
   static omnetpp::cObject *MAKE_UNIQUE_WITHIN_FILE(__factoryfunc_)() {BASECLASS *ret = new CLASSNAME; return ret; } \
                                                                                            ^~~~~~~~~
HCRouter.cc:16:1: note: in expansion of macro ‘Define_Module’
 Define_Module( HCRouter );
 ^~~~~~~~~~~~~
HCRouter.cc: In member function ‘virtual void HCRouter::activity()’:
HCRouter.cc:97:34: error: ‘par’ was not declared in this scope
    int my_address = par("address");
                                  ^
HCRouter.cc:99:39: error: ‘gate’ was not declared in this scope
    int fromUserGateId = gate("fromGen")->getId();
                                       ^
HCRouter.cc:102:4: error: ‘cMessage’ was not declared in this scope
    cMessage *endOfSlot = new cMessage("endOfSlot");
    ^~~~~~~~
HCRouter.cc:102:4: note: suggested alternative:
In file included from /home/ssamal/Downloads/omnetpp-5.0/include/omnetpp/cchannel.h:21:0,
                 from /home/ssamal/Downloads/omnetpp-5.0/include/omnetpp.h:28,
                 from HCRouter.h:14,
                 from HCRouter.cc:11:
/home/ssamal/Downloads/omnetpp-5.0/include/omnetpp/cmessage.h:95:15: note:   ‘omnetpp::cMessage’
 class SIM_API cMessage : public cEvent
               ^~~~~~~~
HCRouter.cc:102:14: error: ‘endOfSlot’ was not declared in this scope
    cMessage *endOfSlot = new cMessage("endOfSlot");
              ^~~~~~~~~
HCRouter.cc:102:30: error: expected type-specifier before ‘cMessage’
    cMessage *endOfSlot = new cMessage("endOfSlot");
                              ^~~~~~~~
HCRouter.cc:114:27: error: ‘simTime’ was not declared in this scope
       scheduleAt( simTime()+SLOT_TIME, endOfSlot );
                           ^
HCRouter.cc:114:27: note: suggested alternative:
In file included from /home/ssamal/Downloads/omnetpp-5.0/include/omnetpp/cmessage.h:23:0,
                 from /home/ssamal/Downloads/omnetpp-5.0/include/omnetpp/cchannel.h:21,
                 from /home/ssamal/Downloads/omnetpp-5.0/include/omnetpp.h:28,
                 from HCRouter.h:14,
                 from HCRouter.cc:11:
/home/ssamal/Downloads/omnetpp-5.0/include/omnetpp/csimulation.h:568:18: note:   ‘omnetpp::simTime’
 inline simtime_t simTime() {return cSimulation::getActiveSimulation()->getSimTime();}
                  ^~~~~~~
HCRouter.cc:114:50: error: ‘scheduleAt’ was not declared in this scope
       scheduleAt( simTime()+SLOT_TIME, endOfSlot );
                                                  ^
HCRouter.cc:115:17: error: ‘msg’ was not declared in this scope
       cMessage *msg;
                 ^~~
HCRouter.cc:116:27: error: ‘receive’ was not declared in this scope
       while ((msg=receive())!=endOfSlot)
                           ^
HCRouter.cc:118:26: error: ‘check_and_cast’ was not declared in this scope
          HCPacket *pkt = check_and_cast<HCPacket *>(msg);
                          ^~~~~~~~~~~~~~
HCRouter.cc:118:26: note: suggested alternative:
In file included from /home/ssamal/Downloads/omnetpp-5.0/include/omnetpp.h:46:0,
                 from HCRouter.h:14,
                 from HCRouter.cc:11:
/home/ssamal/Downloads/omnetpp-5.0/include/omnetpp/checkandcast.h:61:3: note:   ‘omnetpp::check_and_cast’
 P check_and_cast(T *p)
   ^~~~~~~~~~~~~~
HCRouter.cc:118:50: error: expected primary-expression before ‘*’ token
          HCPacket *pkt = check_and_cast<HCPacket *>(msg);
                                                  ^
HCRouter.cc:118:51: error: expected primary-expression before ‘>’ token
          HCPacket *pkt = check_and_cast<HCPacket *>(msg);
                                                   ^
HCRouter.cc:119:19: error: ‘class HCPacket’ has no member named ‘getArrivalGateId’
          if (pkt->getArrivalGateId()!=fromUserGateId)
                   ^~~~~~~~~~~~~~~~
HCRouter.cc:124:33: error: ‘send’ was not declared in this scope
                send(pkt,"toSink");
                                 ^
HCRouter.cc:151:62: error: ‘sendDelayed’ was not declared in this scope
          sendDelayed(rte_cell[i], PROPDEL, "out", rte_port[i]);
                                                              ^
HCRouter.cc:165:65: error: ‘sendDelayed’ was not declared in this scope
             sendDelayed(usr_cell[i], PROPDEL, "out", usr_port[i]);
                                                                 ^
HCRouter.cc:168:7: error: ‘ev’ was not declared in this scope
       ev.printf("rte[%d]: Discarded %ld out of %ld\n", my_address, discarded_usr, total_usr);
       ^~
make: *** [out/gcc-debug//HCRouter.o] Error 1
Makefile:99: recipe for target 'out/gcc-debug//HCRouter.o' failed

13:50:45 Build Finished (took 1s.479ms)

