13:52:11 **** Build of configuration gcc-debug for project FatTree-New ****
make MODE=debug CONFIGNAME=gcc-debug all 
cd src && make
make[1]: Entering directory '/home/ssamal/Downloads/omnetpp-5.0/samples/FatTree-New/src'
components/TSink.cc
In file included from components/TSink.cc:12:0:
components/TPacket_m.h:13:6: error: #error Version mismatch! Probably this file was generated by an earlier version of nedtool: 'make clean' should help.
 #    error Version mismatch! Probably this file was generated by an earlier version of nedtool: 'make clean' should help.
      ^~~~~
In file included from components/TSink.cc:11:0:
components/TSink.h:22:1: error: expected class-name before ‘{’ token
 {
 ^
components/TSink.h:24:5: error: ‘simsignal_t’ does not name a type
     simsignal_t endToEndDelaySignal;
     ^~~~~~~~~~~
components/TSink.h:25:5: error: ‘simsignal_t’ does not name a type
     simsignal_t hopCountSignal;
     ^~~~~~~~~~~
components/TSink.h:26:5: error: ‘simsignal_t’ does not name a type
     simsignal_t hopRatioSignal;
     ^~~~~~~~~~~
components/TSink.h:29:32: error: ‘cMessage’ has not been declared
     virtual void handleMessage(cMessage *msg);
                                ^~~~~~~~
In file included from components/TSink.cc:12:0:
components/TPacket_m.h:33:1: error: expected class-name before ‘{’ token
 {
 ^
components/TPacket_m.h:52:29: error: ‘cCommBuffer’ has not been declared
     virtual void parsimPack(cCommBuffer *b);
                             ^~~~~~~~~~~
components/TPacket_m.h:53:31: error: ‘cCommBuffer’ has not been declared
     virtual void parsimUnpack(cCommBuffer *b);
                               ^~~~~~~~~~~
components/TPacket_m.h:64:23: error: variable or field ‘doPacking’ declared void
 inline void doPacking(cCommBuffer *b, TPacket& obj) {obj.parsimPack(b);}
                       ^~~~~~~~~~~
components/TPacket_m.h:64:23: error: ‘cCommBuffer’ was not declared in this scope
components/TPacket_m.h:64:23: note: suggested alternative:
In file included from /home/ssamal/Downloads/omnetpp-5.0/include/omnetpp.h:25:0,
                 from components/TSink.h:14,
                 from components/TSink.cc:11:
/home/ssamal/Downloads/omnetpp-5.0/include/omnetpp/ccommbuffer.h:41:15: note:   ‘omnetpp::cCommBuffer’
 class SIM_API cCommBuffer : public cObject
               ^~~~~~~~~~~
In file included from components/TSink.cc:12:0:
components/TPacket_m.h:64:36: error: ‘b’ was not declared in this scope
 inline void doPacking(cCommBuffer *b, TPacket& obj) {obj.parsimPack(b);}
                                    ^
components/TPacket_m.h:64:46: error: expected primary-expression before ‘&’ token
 inline void doPacking(cCommBuffer *b, TPacket& obj) {obj.parsimPack(b);}
                                              ^
components/TPacket_m.h:64:48: error: ‘obj’ was not declared in this scope
 inline void doPacking(cCommBuffer *b, TPacket& obj) {obj.parsimPack(b);}
                                                ^~~
components/TPacket_m.h:65:25: error: variable or field ‘doUnpacking’ declared void
 inline void doUnpacking(cCommBuffer *b, TPacket& obj) {obj.parsimUnpack(b);}
                         ^~~~~~~~~~~
components/TPacket_m.h:65:25: error: ‘cCommBuffer’ was not declared in this scope
components/TPacket_m.h:65:25: note: suggested alternative:
In file included from /home/ssamal/Downloads/omnetpp-5.0/include/omnetpp.h:25:0,
                 from components/TSink.h:14,
                 from components/TSink.cc:11:
/home/ssamal/Downloads/omnetpp-5.0/include/omnetpp/ccommbuffer.h:41:15: note:   ‘omnetpp::cCommBuffer’
 class SIM_API cCommBuffer : public cObject
               ^~~~~~~~~~~
In file included from components/TSink.cc:12:0:
components/TPacket_m.h:65:38: error: ‘b’ was not declared in this scope
 inline void doUnpacking(cCommBuffer *b, TPacket& obj) {obj.parsimUnpack(b);}
                                      ^
components/TPacket_m.h:65:48: error: expected primary-expression before ‘&’ token
 inline void doUnpacking(cCommBuffer *b, TPacket& obj) {obj.parsimUnpack(b);}
                                                ^
components/TPacket_m.h:65:50: error: ‘obj’ was not declared in this scope
 inline void doUnpacking(cCommBuffer *b, TPacket& obj) {obj.parsimUnpack(b);}
                                                  ^~~
In file included from /home/ssamal/Downloads/omnetpp-5.0/include/omnetpp/cobject.h:26:0,
                 from /home/ssamal/Downloads/omnetpp-5.0/include/omnetpp/cnamedobject.h:23,
                 from /home/ssamal/Downloads/omnetpp-5.0/include/omnetpp/cownedobject.h:23,
                 from /home/ssamal/Downloads/omnetpp-5.0/include/omnetpp/carray.h:19,
                 from /home/ssamal/Downloads/omnetpp-5.0/include/omnetpp.h:21,
                 from components/TSink.h:14,
                 from components/TSink.cc:11:
components/TSink.cc: In function ‘omnetpp::cObject* __factoryfunc_16()’:
components/TSink.cc:16:16: error: cannot convert ‘TSink*’ to ‘omnetpp::cModule*’ in initialization
 Define_Module( TSink );
                ^
/home/ssamal/Downloads/omnetpp-5.0/include/omnetpp/regmacros.h:144:92: note: in definition of macro ‘__REGISTER_CLASS’
   static omnetpp::cObject *MAKE_UNIQUE_WITHIN_FILE(__factoryfunc_)() {BASECLASS *ret = new CLASSNAME; return ret; } \
                                                                                            ^~~~~~~~~
components/TSink.cc:16:1: note: in expansion of macro ‘Define_Module’
 Define_Module( TSink );
 ^~~~~~~~~~~~~
components/TSink.cc: In member function ‘virtual void TSink::initialize()’:
components/TSink.cc:31:5: error: ‘endToEndDelaySignal’ was not declared in this scope
     endToEndDelaySignal = registerSignal("endToEndDelay");
     ^~~~~~~~~~~~~~~~~~~
components/TSink.cc:31:57: error: ‘registerSignal’ was not declared in this scope
     endToEndDelaySignal = registerSignal("endToEndDelay");
                                                         ^
components/TSink.cc:32:5: error: ‘hopCountSignal’ was not declared in this scope
     hopCountSignal = registerSignal("hopCount");
     ^~~~~~~~~~~~~~
components/TSink.cc:33:5: error: ‘hopRatioSignal’ was not declared in this scope
     hopRatioSignal = registerSignal("hopRatio");
     ^~~~~~~~~~~~~~
components/TSink.cc: At global scope:
components/TSink.cc:36:27: error: variable or field ‘handleMessage’ declared void
 void TSink::handleMessage(cMessage *msg)
                           ^~~~~~~~
components/TSink.cc:36:27: error: ‘cMessage’ was not declared in this scope
components/TSink.cc:36:27: note: suggested alternative:
In file included from /home/ssamal/Downloads/omnetpp-5.0/include/omnetpp/cchannel.h:21:0,
                 from /home/ssamal/Downloads/omnetpp-5.0/include/omnetpp.h:28,
                 from components/TSink.h:14,
                 from components/TSink.cc:11:
/home/ssamal/Downloads/omnetpp-5.0/include/omnetpp/cmessage.h:95:15: note:   ‘omnetpp::cMessage’
 class SIM_API cMessage : public cEvent
               ^~~~~~~~
components/TSink.cc:36:37: error: ‘msg’ was not declared in this scope
 void TSink::handleMessage(cMessage *msg)
                                     ^~~
make[1]: *** [../out/gcc-debug/src/components/TSink.o] Error 1
Makefile:155: recipe for target '../out/gcc-debug/src/components/TSink.o' failed
make: *** [all] Error 2
make[1]: Leaving directory '/home/ssamal/Downloads/omnetpp-5.0/samples/FatTree-New/src'
Makefile:2: recipe for target 'all' failed

13:52:12 Build Finished (took 956ms)

