21:15:25 **** Incremental Build of configuration gcc-debug for project obsmodules ****
make MODE=debug CONFIGNAME=gcc-debug all 
src/tests/sinks/testSink2.cc
src/tests/sinks/testSink3.cc
src/tests/sinks/testSink3.cc: In member function ‘virtual void testSink3::initialize()’:
src/tests/sinks/testSink3.cc:26:35: error: call of overloaded ‘open(omnetpp::cPar&)’ is ambiguous
  outputFile.open(par("outputFile"));
                                   ^
In file included from src/tests/sinks/testSink3.h:20:0,
                 from src/tests/sinks/testSink3.cc:20:
/usr/include/c++/6.3.1/fstream:799:7: note: candidate: void std::basic_ofstream<_CharT, _Traits>::open(const char*, std::ios_base::openmode) [with _CharT = char; _Traits = std::char_traits<char>; std::ios_base::openmode = std::_Ios_Openmode]
       open(const char* __s,
       ^~~~
/usr/include/c++/6.3.1/fstream:820:7: note: candidate: void std::basic_ofstream<_CharT, _Traits>::open(const string&, std::ios_base::openmode) [with _CharT = char; _Traits = std::char_traits<char>; std::__cxx11::string = std::__cxx11::basic_string<char>; std::ios_base::openmode = std::_Ios_Openmode]
       open(const std::string& __s,
       ^~~~
src/tests/sinks/testSink3.cc: In member function ‘virtual void testSink3::handleMessage(omnetpp::cMessage*)’:
src/tests/sinks/testSink3.cc:56:17: error: ‘IPv4Datagram’ was not declared in this scope
                 IPv4Datagram *datagram = check_and_cast <IPv4Datagram *> (burst->retrieveMessage());
                 ^~~~~~~~~~~~
src/tests/sinks/testSink3.cc:56:17: note: suggested alternative:
In file included from src/tests/sinks/testSink3.h:23:0,
                 from src/tests/sinks/testSink3.cc:20:
../inet/src/inet/networklayer/ipv4/IPv4Datagram.h:32:16: note:   ‘inet::IPv4Datagram’
 class INET_API IPv4Datagram : public IPv4Datagram_Base, public INetworkDatagram
                ^~~~~~~~~~~~
src/tests/sinks/testSink3.cc:56:31: error: ‘datagram’ was not declared in this scope
                 IPv4Datagram *datagram = check_and_cast <IPv4Datagram *> (burst->retrieveMessage());
                               ^~~~~~~~
src/tests/sinks/testSink3.cc:56:42: error: parse error in template argument list
                 IPv4Datagram *datagram = check_and_cast <IPv4Datagram *> (burst->retrieveMessage());
                                          ^~~~~~~~~~~~~~~~~~~~~~~~~~~~~~~
src/tests/sinks/testSink3.cc:56:99: error: no matching function for call to ‘check_and_cast(omnetpp::cMessage*)’
                 IPv4Datagram *datagram = check_and_cast <IPv4Datagram *> (burst->retrieveMessage());
                                                                                                   ^
In file included from /home/ssamal/Downloads/omnetpp-5.0/include/omnetpp.h:46:0,
                 from src/tests/sinks/testSink3.h:21,
                 from src/tests/sinks/testSink3.cc:20:
/home/ssamal/Downloads/omnetpp-5.0/include/omnetpp/checkandcast.h:61:3: note: candidate: template<class P, class T> P omnetpp::check_and_cast(T*)
 P check_and_cast(T *p)
   ^~~~~~~~~~~~~~
/home/ssamal/Downloads/omnetpp-5.0/include/omnetpp/checkandcast.h:61:3: note:   template argument deduction/substitution failed:
src/tests/sinks/testSink3.cc:56:99: error: template argument 1 is invalid
                 IPv4Datagram *datagram = check_and_cast <IPv4Datagram *> (burst->retrieveMessage());
                                                                                                   ^
src/tests/sinks/testSink3.cc:58:21: error: ‘IP_PROT_TCP’ was not declared in this scope
     if (protocol == IP_PROT_TCP){
                     ^~~~~~~~~~~
src/tests/sinks/testSink3.cc:58:21: note: suggested alternative:
In file included from ../inet/src/inet/networklayer/ipv4/IPv4Datagram_m.h:19:0,
                 from ../inet/src/inet/networklayer/ipv4/IPv4Datagram.h:23,
                 from src/tests/sinks/testSink3.h:23,
                 from src/tests/sinks/testSink3.cc:20:
../inet/src/inet/networklayer/common/IPProtocolId_m.h:66:5: note:   ‘IP_PROT_TCP’
     IP_PROT_TCP = 6,
     ^~~~~~~~~~~
src/tests/sinks/testSink3.cc:59:6: error: ‘TCPSegment’ was not declared in this scope
      TCPSegment *segment = check_and_cast <TCPSegment *> (datagram->getEncapsulatedPacket());
      ^~~~~~~~~~
src/tests/sinks/testSink3.cc:59:6: note: suggested alternative:
In file included from src/tests/sinks/testSink3.h:24:0,
                 from src/tests/sinks/testSink3.cc:20:
../inet/src/inet/transportlayer/tcp_common/TCPSegment.h:61:16: note:   ‘inet::tcp::TCPSegment’
 class INET_API TCPSegment : public TCPSegment_Base, public ITransportPacket
                ^~~~~~~~~~
src/tests/sinks/testSink3.cc:59:18: error: ‘segment’ was not declared in this scope
      TCPSegment *segment = check_and_cast <TCPSegment *> (datagram->getEncapsulatedPacket());
                  ^~~~~~~
src/tests/sinks/testSink3.cc:59:28: error: parse error in template argument list
      TCPSegment *segment = check_and_cast <TCPSegment *> (datagram->getEncapsulatedPacket());
                            ^~~~~~~~~~~~~~~~~~~~~~~~~~~~~
src/tests/sinks/testSink3.cc:63:26: error: ‘IP_PROT_UDP’ was not declared in this scope
     else if (protocol == IP_PROT_UDP){
                          ^~~~~~~~~~~
src/tests/sinks/testSink3.cc:63:26: note: suggested alternative:
In file included from ../inet/src/inet/networklayer/ipv4/IPv4Datagram_m.h:19:0,
                 from ../inet/src/inet/networklayer/ipv4/IPv4Datagram.h:23,
                 from src/tests/sinks/testSink3.h:23,
                 from src/tests/sinks/testSink3.cc:20:
../inet/src/inet/networklayer/common/IPProtocolId_m.h:69:5: note:   ‘IP_PROT_UDP’
     IP_PROT_UDP = 17,
     ^~~~~~~~~~~
src/tests/sinks/testSink3.cc:64:6: error: ‘UDPPacket’ was not declared in this scope
      UDPPacket *packet = check_and_cast <UDPPacket *> (datagram->getEncapsulatedPacket());
      ^~~~~~~~~
src/tests/sinks/testSink3.cc:64:17: error: ‘packet’ was not declared in this scope
      UDPPacket *packet = check_and_cast <UDPPacket *> (datagram->getEncapsulatedPacket());
                 ^~~~~~
src/tests/sinks/testSink3.cc:64:26: error: parse error in template argument list
      UDPPacket *packet = check_and_cast <UDPPacket *> (datagram->getEncapsulatedPacket());
                          ^~~~~~~~~~~~~~~~~~~~~~~~~~~~
src/tests/sinks/testSink3.cc:72:12: error: type ‘<type error>’ argument given to ‘delete’, expected pointer
     delete datagram;
            ^~~~~~~~
src/tests/sinks/testSink3.cc: In member function ‘virtual void testSink3::finish()’:
src/tests/sinks/testSink3.cc:134:49: error: call of overloaded ‘open(omnetpp::cPar&)’ is ambiguous
     currentReport.open(modulo->par("reportFile"));
                                                 ^
In file included from src/tests/sinks/testSink3.h:20:0,
                 from src/tests/sinks/testSink3.cc:20:
/usr/include/c++/6.3.1/fstream:595:7: note: candidate: void std::basic_ifstream<_CharT, _Traits>::open(const char*, std::ios_base::openmode) [with _CharT = char; _Traits = std::char_traits<char>; std::ios_base::openmode = std::_Ios_Openmode]
       open(const char* __s, ios_base::openmode __mode = ios_base::in)
       ^~~~
/usr/include/c++/6.3.1/fstream:615:7: note: candidate: void std::basic_ifstream<_CharT, _Traits>::open(const string&, std::ios_base::openmode) [with _CharT = char; _Traits = std::char_traits<char>; std::__cxx11::string = std::__cxx11::basic_string<char>; std::ios_base::openmode = std::_Ios_Openmode]
       open(const std::string& __s, ios_base::openmode __mode = ios_base::in)
       ^~~~
src/tests/sinks/testSink3.cc:142:43: error: call of overloaded ‘open(omnetpp::cPar&)’ is ambiguous
    patternReport.open(par("reportPattern"));
                                           ^
In file included from src/tests/sinks/testSink3.h:20:0,
                 from src/tests/sinks/testSink3.cc:20:
/usr/include/c++/6.3.1/fstream:595:7: note: candidate: void std::basic_ifstream<_CharT, _Traits>::open(const char*, std::ios_base::openmode) [with _CharT = char; _Traits = std::char_traits<char>; std::ios_base::openmode = std::_Ios_Openmode]
       open(const char* __s, ios_base::openmode __mode = ios_base::in)
       ^~~~
/usr/include/c++/6.3.1/fstream:615:7: note: candidate: void std::basic_ifstream<_CharT, _Traits>::open(const string&, std::ios_base::openmode) [with _CharT = char; _Traits = std::char_traits<char>; std::__cxx11::string = std::__cxx11::basic_string<char>; std::ios_base::openmode = std::_Ios_Openmode]
       open(const std::string& __s, ios_base::openmode __mode = ios_base::in)
       ^~~~
src/tests/sinks/testSink3.cc:183:19: error: ‘simulation’ was not declared in this scope
     cEnvir *env = simulation.getActiveSimulation()->getActiveEnvir();
                   ^~~~~~~~~~
src/tests/sinks/testSink3.cc:195:17: error: ‘simulation’ was not declared in this scope
   cEnvir *env = simulation.getActiveSimulation()->getActiveEnvir();
                 ^~~~~~~~~~
src/tests/sinks/testSink3.cc: In member function ‘void testSink3::openFiles()’:
src/tests/sinks/testSink3.cc:207:37: error: call of overloaded ‘open(omnetpp::cPar&)’ is ambiguous
   currentFile.open(par("outputFile"));
                                     ^
In file included from src/tests/sinks/testSink3.h:20:0,
                 from src/tests/sinks/testSink3.cc:20:
/usr/include/c++/6.3.1/fstream:595:7: note: candidate: void std::basic_ifstream<_CharT, _Traits>::open(const char*, std::ios_base::openmode) [with _CharT = char; _Traits = std::char_traits<char>; std::ios_base::openmode = std::_Ios_Openmode]
       open(const char* __s, ios_base::openmode __mode = ios_base::in)
       ^~~~
/usr/include/c++/6.3.1/fstream:615:7: note: candidate: void std::basic_ifstream<_CharT, _Traits>::open(const string&, std::ios_base::openmode) [with _CharT = char; _Traits = std::char_traits<char>; std::__cxx11::string = std::__cxx11::basic_string<char>; std::ios_base::openmode = std::_Ios_Openmode]
       open(const std::string& __s, ios_base::openmode __mode = ios_base::in)
       ^~~~
src/tests/sinks/testSink3.cc:210:38: error: call of overloaded ‘open(omnetpp::cPar&)’ is ambiguous
   patternFile.open(par("patternFile"));
                                      ^
In file included from src/tests/sinks/testSink3.h:20:0,
                 from src/tests/sinks/testSink3.cc:20:
/usr/include/c++/6.3.1/fstream:595:7: note: candidate: void std::basic_ifstream<_CharT, _Traits>::open(const char*, std::ios_base::openmode) [with _CharT = char; _Traits = std::char_traits<char>; std::ios_base::openmode = std::_Ios_Openmode]
       open(const char* __s, ios_base::openmode __mode = ios_base::in)
       ^~~~
/usr/include/c++/6.3.1/fstream:615:7: note: candidate: void std::basic_ifstream<_CharT, _Traits>::open(const string&, std::ios_base::openmode) [with _CharT = char; _Traits = std::char_traits<char>; std::__cxx11::string = std::__cxx11::basic_string<char>; std::ios_base::openmode = std::_Ios_Openmode]
       open(const std::string& __s, ios_base::openmode __mode = ios_base::in)
       ^~~~
src/tests/sinks/testSink3.cc: In member function ‘bool testSink3::compareFiles()’:
src/tests/sinks/testSink3.cc:818:21: error: ‘IPv4Address’ was not declared in this scope
                     IPv4Address srcAddrP;
                     ^~~~~~~~~~~
src/tests/sinks/testSink3.cc:818:21: note: suggested alternative:
In file included from ../inet/src/inet/networklayer/common/L3Address.h:23:0,
                 from ../inet/src/inet/networklayer/contract/INetworkDatagram.h:22,
                 from ../inet/src/inet/networklayer/ipv4/IPv4Datagram.h:22,
                 from src/tests/sinks/testSink3.h:23,
                 from src/tests/sinks/testSink3.cc:20:
../inet/src/inet/networklayer/contract/ipv4/IPv4Address.h:45:16: note:   ‘inet::IPv4Address’
 class INET_API IPv4Address
                ^~~~~~~~~~~
src/tests/sinks/testSink3.cc:819:33: error: expected ‘;’ before ‘srcAddr’
                     IPv4Address srcAddr;
                                 ^~~~~~~
src/tests/sinks/testSink3.cc:821:6: error: ‘srcAddrP’ was not declared in this scope
      srcAddrP.set(srcAddrPChr);
      ^~~~~~~~
src/tests/sinks/testSink3.cc:822:6: error: ‘srcAddr’ was not declared in this scope
      srcAddr.set(srcAddrChr);
      ^~~~~~~
src/tests/sinks/testSink3.cc:835:21: error: ‘IPv4Address’ was not declared in this scope
                     IPv4Address destAddrP;
                     ^~~~~~~~~~~
src/tests/sinks/testSink3.cc:835:21: note: suggested alternative:
In file included from ../inet/src/inet/networklayer/common/L3Address.h:23:0,
                 from ../inet/src/inet/networklayer/contract/INetworkDatagram.h:22,
                 from ../inet/src/inet/networklayer/ipv4/IPv4Datagram.h:22,
                 from src/tests/sinks/testSink3.h:23,
                 from src/tests/sinks/testSink3.cc:20:
../inet/src/inet/networklayer/contract/ipv4/IPv4Address.h:45:16: note:   ‘inet::IPv4Address’
 class INET_API IPv4Address
                ^~~~~~~~~~~
src/tests/sinks/testSink3.cc:836:33: error: expected ‘;’ before ‘destAddr’
                     IPv4Address destAddr;
                                 ^~~~~~~~
src/tests/sinks/testSink3.cc:838:6: error: ‘destAddrP’ was not declared in this scope
      destAddrP.set(destAddrPChr);
      ^~~~~~~~~
src/tests/sinks/testSink3.cc:839:6: error: ‘destAddr’ was not declared in this scope
      destAddr.set(destAddrChr);
      ^~~~~~~~
Makefile:188: recipe for target 'out/gcc-debug//src/tests/sinks/testSink3.o' failed
make: *** [out/gcc-debug//src/tests/sinks/testSink3.o] Error 1

21:15:27 Build Finished (took 2s.238ms)

