13:53:21 **** Build of configuration gcc-debug for project pkswitch_net ****
make MODE=debug CONFIGNAME=gcc-debug all 
app_gen.cc
In file included from app_gen.cc:14:0:
packet_m.h:13:6: error: #error Version mismatch! Probably this file was generated by an earlier version of nedtool: 'make clean' should help.
 #    error Version mismatch! Probably this file was generated by an earlier version of nedtool: 'make clean' should help.
      ^~~~~
packet_m.h:55:1: error: expected class-name before ‘{’ token
 {
 ^
packet_m.h:76:29: error: ‘cCommBuffer’ has not been declared
     virtual void parsimPack(cCommBuffer *b);
                             ^~~~~~~~~~~
packet_m.h:77:31: error: ‘cCommBuffer’ has not been declared
     virtual void parsimUnpack(cCommBuffer *b);
                               ^~~~~~~~~~~
packet_m.h:93:23: error: variable or field ‘doPacking’ declared void
 inline void doPacking(cCommBuffer *b, Packet& obj) {obj.parsimPack(b);}
                       ^~~~~~~~~~~
packet_m.h:93:23: error: ‘cCommBuffer’ was not declared in this scope
packet_m.h:93:23: note: suggested alternative:
In file included from /home/ssamal/Downloads/omnetpp-5.0/include/omnetpp.h:25:0,
                 from app_gen.cc:13:
/home/ssamal/Downloads/omnetpp-5.0/include/omnetpp/ccommbuffer.h:41:15: note:   ‘omnetpp::cCommBuffer’
 class SIM_API cCommBuffer : public cObject
               ^~~~~~~~~~~
In file included from app_gen.cc:14:0:
packet_m.h:93:36: error: ‘b’ was not declared in this scope
 inline void doPacking(cCommBuffer *b, Packet& obj) {obj.parsimPack(b);}
                                    ^
packet_m.h:93:45: error: expected primary-expression before ‘&’ token
 inline void doPacking(cCommBuffer *b, Packet& obj) {obj.parsimPack(b);}
                                             ^
packet_m.h:93:47: error: ‘obj’ was not declared in this scope
 inline void doPacking(cCommBuffer *b, Packet& obj) {obj.parsimPack(b);}
                                               ^~~
packet_m.h:94:25: error: variable or field ‘doUnpacking’ declared void
 inline void doUnpacking(cCommBuffer *b, Packet& obj) {obj.parsimUnpack(b);}
                         ^~~~~~~~~~~
packet_m.h:94:25: error: ‘cCommBuffer’ was not declared in this scope
packet_m.h:94:25: note: suggested alternative:
In file included from /home/ssamal/Downloads/omnetpp-5.0/include/omnetpp.h:25:0,
                 from app_gen.cc:13:
/home/ssamal/Downloads/omnetpp-5.0/include/omnetpp/ccommbuffer.h:41:15: note:   ‘omnetpp::cCommBuffer’
 class SIM_API cCommBuffer : public cObject
               ^~~~~~~~~~~
In file included from app_gen.cc:14:0:
packet_m.h:94:38: error: ‘b’ was not declared in this scope
 inline void doUnpacking(cCommBuffer *b, Packet& obj) {obj.parsimUnpack(b);}
                                      ^
packet_m.h:94:47: error: expected primary-expression before ‘&’ token
 inline void doUnpacking(cCommBuffer *b, Packet& obj) {obj.parsimUnpack(b);}
                                               ^
packet_m.h:94:49: error: ‘obj’ was not declared in this scope
 inline void doUnpacking(cCommBuffer *b, Packet& obj) {obj.parsimUnpack(b);}
                                                 ^~~
In file included from app_gen.cc:15:0:
app_gen.h:16:1: error: expected class-name before ‘{’ token
 {
 ^
app_gen.h:19:5: error: ‘simtime_t’ does not name a type
     simtime_t iaTime;
     ^~~~~~~~~
app_gen.h:25:5: error: ‘cMessage’ does not name a type
     cMessage *timeToGenerateAPacket;
     ^~~~~~~~
app_gen.h:29:32: error: ‘cMessage’ has not been declared
     virtual void handleMessage(cMessage *msg);
                                ^~~~~~~~
In file included from /home/ssamal/Downloads/omnetpp-5.0/include/omnetpp/cobject.h:26:0,
                 from /home/ssamal/Downloads/omnetpp-5.0/include/omnetpp/cnamedobject.h:23,
                 from /home/ssamal/Downloads/omnetpp-5.0/include/omnetpp/cownedobject.h:23,
                 from /home/ssamal/Downloads/omnetpp-5.0/include/omnetpp/carray.h:19,
                 from /home/ssamal/Downloads/omnetpp-5.0/include/omnetpp.h:21,
                 from app_gen.cc:13:
app_gen.cc: In function ‘omnetpp::cObject* __factoryfunc_17()’:
app_gen.cc:17:15: error: cannot convert ‘AppGen*’ to ‘omnetpp::cModule*’ in initialization
 Define_Module(AppGen);
               ^
/home/ssamal/Downloads/omnetpp-5.0/include/omnetpp/regmacros.h:144:92: note: in definition of macro ‘__REGISTER_CLASS’
   static omnetpp::cObject *MAKE_UNIQUE_WITHIN_FILE(__factoryfunc_)() {BASECLASS *ret = new CLASSNAME; return ret; } \
                                                                                            ^~~~~~~~~
app_gen.cc:17:1: note: in expansion of macro ‘Define_Module’
 Define_Module(AppGen);
 ^~~~~~~~~~~~~
In file included from /home/ssamal/Downloads/omnetpp-5.0/include/omnetpp/cstlwatch.h:27:0,
                 from /home/ssamal/Downloads/omnetpp-5.0/include/omnetpp.h:96,
                 from app_gen.cc:13:
app_gen.cc: In member function ‘virtual void AppGen::initialize()’:
app_gen.cc:24:9: error: ‘iaTime’ was not declared in this scope
   WATCH(iaTime);
         ^
/home/ssamal/Downloads/omnetpp-5.0/include/omnetpp/cwatch.h:326:58: note: in definition of macro ‘WATCH’
 #define WATCH(variable)  omnetpp::createWatch(#variable,(variable))
                                                          ^~~~~~~~
app_gen.cc:27:53: error: ‘par’ was not declared in this scope
   const char *destAddressesPar = par("destAddresses");
                                                     ^
app_gen.cc:28:3: error: ‘cStringTokenizer’ was not declared in this scope
   cStringTokenizer tokenizer(destAddressesPar);
   ^~~~~~~~~~~~~~~~
app_gen.cc:28:3: note: suggested alternative:
In file included from /home/ssamal/Downloads/omnetpp-5.0/include/omnetpp.h:99:0,
                 from app_gen.cc:13:
/home/ssamal/Downloads/omnetpp-5.0/include/omnetpp/cstringtokenizer.h:57:15: note:   ‘omnetpp::cStringTokenizer’
 class SIM_API cStringTokenizer
               ^~~~~~~~~~~~~~~~
app_gen.cc:30:19: error: ‘tokenizer’ was not declared in this scope
   while ((token = tokenizer.nextToken()) != NULL) {
                   ^~~~~~~~~
app_gen.cc:35:3: error: ‘timeToGenerateAPacket’ was not declared in this scope
   timeToGenerateAPacket = new cMessage("timeToGenerateAPacket");
   ^~~~~~~~~~~~~~~~~~~~~
app_gen.cc:35:31: error: expected type-specifier before ‘cMessage’
   timeToGenerateAPacket = new cMessage("timeToGenerateAPacket");
                               ^~~~~~~~
app_gen.cc:37:43: error: ‘scheduleAt’ was not declared in this scope
   scheduleAt(iaTime, timeToGenerateAPacket);
                                           ^
app_gen.cc:27:15: warning: unused variable ‘destAddressesPar’ [-Wunused-variable]
   const char *destAddressesPar = par("destAddresses");
               ^~~~~~~~~~~~~~~~
app_gen.cc: At global scope:
app_gen.cc:40:28: error: variable or field ‘handleMessage’ declared void
 void AppGen::handleMessage(cMessage *msg)
                            ^~~~~~~~
app_gen.cc:40:28: error: ‘cMessage’ was not declared in this scope
app_gen.cc:40:28: note: suggested alternative:
In file included from /home/ssamal/Downloads/omnetpp-5.0/include/omnetpp/cchannel.h:21:0,
                 from /home/ssamal/Downloads/omnetpp-5.0/include/omnetpp.h:28,
                 from app_gen.cc:13:
/home/ssamal/Downloads/omnetpp-5.0/include/omnetpp/cmessage.h:95:15: note:   ‘omnetpp::cMessage’
 class SIM_API cMessage : public cEvent
               ^~~~~~~~
app_gen.cc:40:38: error: ‘msg’ was not declared in this scope
 void AppGen::handleMessage(cMessage *msg)
                                      ^~~
app_gen.cc: In member function ‘virtual void AppGen::finish()’:
app_gen.cc:76:3: error: ‘ev’ was not declared in this scope
   ev << getParentModule()->getFullName() << "." << getFullName() << endl;
   ^~
app_gen.cc:76:25: error: ‘getParentModule’ was not declared in this scope
   ev << getParentModule()->getFullName() << "." << getFullName() << endl;
                         ^
app_gen.cc:76:64: error: ‘getFullName’ was not declared in this scope
   ev << getParentModule()->getFullName() << "." << getFullName() << endl;
                                                                ^
app_gen.cc:76:69: error: ‘endl’ was not declared in this scope
   ev << getParentModule()->getFullName() << "." << getFullName() << endl;
                                                                     ^~~~
app_gen.cc:76:69: note: suggested alternatives:
In file included from /usr/include/c++/6.3.1/iostream:39:0,
                 from /home/ssamal/Downloads/omnetpp-5.0/include/omnetpp/cownedobject.h:20,
                 from /home/ssamal/Downloads/omnetpp-5.0/include/omnetpp/carray.h:19,
                 from /home/ssamal/Downloads/omnetpp-5.0/include/omnetpp.h:21,
                 from app_gen.cc:13:
/usr/include/c++/6.3.1/ostream:590:5: note:   ‘std::endl’
     endl(basic_ostream<_CharT, _Traits>& __os)
     ^~~~
/usr/include/c++/6.3.1/ostream:590:5: note:   ‘std::endl’
app_gen.cc:79:32: error: ‘recordScalar’ was not declared in this scope
   recordScalar("#sent", numSent);
                                ^
make: *** [out/gcc-debug//app_gen.o] Error 1
Makefile:106: recipe for target 'out/gcc-debug//app_gen.o' failed

13:53:22 Build Finished (took 871ms)

